<?xml version="1.0" encoding="UTF-8"?>
<!-- Generated by org.testng.reporters.JUnitReportReporter -->
<testsuite skipped="0" hostname="HAMZA" name="sirmayaCRM.Login_pageTest" tests="5" failures="0" timestamp="08 Jul 2019 10:02:19 GMT" time="127.068" errors="0">
  <testcase name="opensite" time="10.535" classname="sirmayaCRM.Login_pageTest"/>
  <testcase name="invalidcredentials" time="2.783" classname="sirmayaCRM.Login_pageTest"/>
  <testcase name="validcredentials" time="4.425" classname="sirmayaCRM.Login_pageTest"/>
  <testcase name="Searchingclient" time="75.330" classname="sirmayaCRM.Login_pageTest"/>
  <testcase name="clientadding_checks" time="33.995" classname="sirmayaCRM.Login_pageTest"/>
</testsuite> <!-- sirmayaCRM.Login_pageTest -->
