<?xml version="1.0" encoding="UTF-8"?>
<!-- Generated by org.testng.reporters.JUnitReportReporter -->
<testsuite skipped="0" hostname="HAMZA" name="statmetrix.Shift_control" tests="1" failures="0" timestamp="04 Apr 2019 11:21:15 GMT" time="6.182" errors="0">
  <testcase name="opensite" time="6.182" classname="statmetrix.Shift_control"/>
</testsuite> <!-- statmetrix.Shift_control -->
