<?xml version="1.0" encoding="UTF-8"?>
<!-- Generated by org.testng.reporters.JUnitReportReporter -->
<testsuite skipped="1" hostname="HAMZA" name="basic.TestNG2" tests="1" failures="0" timestamp="19 Feb 2019 11:42:29 GMT" time="0.000" errors="0">
  <testcase name="testcase3" time="0.000" classname="basic.TestNG2">
    <skipped/>
  </testcase> <!-- testcase3 -->
</testsuite> <!-- basic.TestNG2 -->
