<?xml version="1.0" encoding="UTF-8"?>
<!-- Generated by org.testng.reporters.JUnitReportReporter -->
<testsuite skipped="1" hostname="HAMZA" name="basic.TestNG5" tests="4" failures="0" timestamp="18 Feb 2019 14:38:04 GMT" time="0.064" errors="0">
  <testcase name="debitcardDept" time="0.044" classname="basic.TestNG5"/>
  <testcase name="LealthcardDept" time="0.008" classname="basic.TestNG5"/>
  <testcase name="CreditcardDept" time="0.012" classname="basic.TestNG5"/>
  <testcase name="aftertest4" classname="basic.TestNG5">
    <skipped/>
  </testcase> <!-- aftertest4 -->
</testsuite> <!-- basic.TestNG5 -->
