<?xml version="1.0" encoding="UTF-8"?>
<!-- Generated by org.testng.reporters.JUnitReportReporter -->
<testsuite skipped="0" hostname="HAMZA" name="statmetrix.email_generator" tests="1" failures="0" timestamp="04 Apr 2019 11:21:15 GMT" time="7.024" errors="0">
  <testcase name="opensite" time="7.024" classname="statmetrix.email_generator"/>
</testsuite> <!-- statmetrix.email_generator -->
