<?xml version="1.0" encoding="UTF-8"?>
<!-- Generated by org.testng.reporters.JUnitReportReporter -->
<testsuite skipped="0" hostname="HAMZA" name="statmetrix.Gmail_generator" tests="1" failures="0" timestamp="30 May 2019 07:02:16 GMT" time="49.810" errors="0">
  <testcase name="open_gmail" time="49.810" classname="statmetrix.Gmail_generator"/>
</testsuite> <!-- statmetrix.Gmail_generator -->
