<?xml version="1.0" encoding="UTF-8"?>
<!-- Generated by org.testng.reporters.JUnitReportReporter -->
<testsuite skipped="0" hostname="HAMZA" name="basic.TestNG3" tests="4" failures="0" timestamp="18 Feb 2019 10:46:40 GMT" time="0.048" errors="0">
  <testcase name="CarLoanDept" time="0.008" classname="basic.TestNG3"/>
  <testcase name="CardLoanDept" time="0.008" classname="basic.TestNG3"/>
  <testcase name="HomeLoanDept1" time="0.028" classname="basic.TestNG3"/>
  <testcase name="HomeLoanDept2" time="0.004" classname="basic.TestNG3"/>
</testsuite> <!-- basic.TestNG3 -->
