<?xml version="1.0" encoding="UTF-8"?>
<!-- Generated by org.testng.reporters.JUnitReportReporter -->
<testsuite skipped="0" hostname="HAMZA" name="statmetrix.LoginTest" tests="18" failures="0" timestamp="30 May 2019 07:02:16 GMT" time="349.131" errors="0">
  <testcase name="updateclub_detail" time="34.621" classname="statmetrix.LoginTest"/>
  <testcase name="update_history" time="20.861" classname="statmetrix.LoginTest"/>
  <testcase name="create_trophy" time="30.357" classname="statmetrix.LoginTest"/>
  <testcase name="update_trophy" time="24.804" classname="statmetrix.LoginTest"/>
  <testcase name="delete_trophy" time="12.163" classname="statmetrix.LoginTest"/>
  <testcase name="add_users" time="20.292" classname="statmetrix.LoginTest"/>
  <testcase name="add_multiusers" time="14.720" classname="statmetrix.LoginTest"/>
  <testcase name="search_users" time="10.315" classname="statmetrix.LoginTest"/>
  <testcase name="delete_users" time="10.113" classname="statmetrix.LoginTest"/>
  <testcase name="team_creation" time="58.357" classname="statmetrix.LoginTest"/>
  <testcase name="update_team" time="30.333" classname="statmetrix.LoginTest"/>
  <testcase name="search_team" time="4.666" classname="statmetrix.LoginTest"/>
  <testcase name="delete_team" time="5.028" classname="statmetrix.LoginTest"/>
  <testcase name="Create_Teamplayer" time="24.219" classname="statmetrix.LoginTest"/>
  <testcase name="Create_MultiTeamplayer" time="24.319" classname="statmetrix.LoginTest"/>
  <testcase name="search_player" time="7.463" classname="statmetrix.LoginTest"/>
  <testcase name="delete_player" time="12.358" classname="statmetrix.LoginTest"/>
  <testcase name="logout" time="4.142" classname="statmetrix.LoginTest"/>
</testsuite> <!-- statmetrix.LoginTest -->
