<?xml version="1.0" encoding="UTF-8"?>
<!-- Generated by org.testng.reporters.JUnitReportReporter -->
<testsuite skipped="0" hostname="HAMZA" name="basic.TestNG4" tests="2" failures="0" timestamp="19 Feb 2019 11:42:29 GMT" time="0.020" errors="0">
  <testcase name="CreditcardDept" time="0.010" classname="basic.TestNG4"/>
  <testcase name="debitcardDept" time="0.010" classname="basic.TestNG4"/>
</testsuite> <!-- basic.TestNG4 -->
