<?xml version="1.0" encoding="UTF-8"?>
<!-- Generated by org.testng.reporters.JUnitReportReporter -->
<testsuite skipped="0" hostname="HAMZA" name="statmetrix.Statmetrix" tests="3" failures="0" timestamp="30 May 2019 07:02:16 GMT" time="19.390" errors="0">
  <testcase name="copyEmail" time="12.666" classname="statmetrix.Statmetrix"/>
  <testcase name="select_role" time="6.715" classname="statmetrix.Statmetrix"/>
  <testcase name="timeout" time="0.009" classname="statmetrix.Statmetrix"/>
</testsuite> <!-- statmetrix.Statmetrix -->
