<?xml version="1.0" encoding="UTF-8"?>
<!-- Generated by org.testng.reporters.JUnitReportReporter -->
<testsuite skipped="0" hostname="HAMZA" name="basic.TestNG6" tests="3" failures="0" timestamp="18 Feb 2019 14:38:04 GMT" time="0.052" errors="0">
  <testcase name="cardDept" time="0.012" classname="basic.TestNG6"/>
  <testcase name="HealthcardDept" time="0.036" classname="basic.TestNG6"/>
  <testcase name="debitcardDept" time="0.004" classname="basic.TestNG6"/>
</testsuite> <!-- basic.TestNG6 -->
